#-----------------------------------------------------------
# Vivado v2020.1 (64-bit)
# SW Build 2902540 on Wed May 27 19:54:49 MDT 2020
# IP Build 2902112 on Wed May 27 22:43:36 MDT 2020
# Start of session at: Wed Mar 29 17:29:13 2023
# Process ID: 12616
# Current directory: C:/Users/tangx/Desktop/ip/fake_iic/fake_max96717_40/project_1
# Command line: vivado.exe -gui_launcher_event rodinguilauncherevent5216 C:\Users\tangx\Desktop\ip\fake_iic\fake_max96717_40\project_1\project_1.xpr
# Log file: C:/Users/tangx/Desktop/ip/fake_iic/fake_max96717_40/project_1/vivado.log
# Journal file: C:/Users/tangx/Desktop/ip/fake_iic/fake_max96717_40/project_1\vivado.jou
#-----------------------------------------------------------
start_gui
open_project C:/Users/tangx/Desktop/ip/fake_iic/fake_max96717_40/project_1/project_1.xpr
INFO: [Project 1-313] Project file moved from 'C:/Users/tangx/Desktop/fake_max96717F_40/project_1' since last save.
CRITICAL WARNING: [Project 1-311] Could not find the file 'C:/Users/tangx/Desktop/ip/fake_iic/fake_max96717_40/rtl/fake_max96717F_40.v', nor could it be found using path 'C:/Users/tangx/Desktop/fake_max96717F_40/rtl/fake_max96717F_40.v'.
Scanning sources...
Finished scanning sources
WARNING: [filemgmt 56-2] Default IP Output Path : Could not find the directory 'C:/Users/tangx/Desktop/ip/fake_iic/fake_max96717_40/project_1/project_1.srcs/sources_1', nor could it be found using path 'C:/Users/tangx/Desktop/fake_max96717F_40/project_1/project_1.srcs/sources_1'.
INFO: [IP_Flow 19-234] Refreshing IP repositories
INFO: [IP_Flow 19-1700] Loaded user IP repository 'c:/Users/tangx/Desktop/ip/fake_iic/fake_max96717F_40'.
INFO: [IP_Flow 19-2313] Loaded Vivado IP repository 'D:/Vivado/Vivado/2020.1/data/ip'.
open_project: Time (s): cpu = 00:00:08 ; elapsed = 00:00:08 . Memory (MB): peak = 1079.371 ; gain = 0.000
update_compile_order -fileset sources_1
update_files -from_files C:/Users/tangx/Desktop/ip/fake_iic/fake_max96717_40/rtl/fake_max96717_40.v -to_files C:/Users/tangx/Desktop/ip/fake_iic/fake_max96717_40/rtl/fake_max96717F_40.v -filesets [get_filesets *]
INFO: [filemgmt 20-762] Replacing file 'C:/Users/tangx/Desktop/ip/fake_iic/fake_max96717_40/rtl/fake_max96717F_40.v' with file 'C:/Users/tangx/Desktop/ip/fake_iic/fake_max96717_40/rtl/fake_max96717_40.v'.
update_compile_order -fileset sources_1
update_ip_catalog -rebuild
INFO: [IP_Flow 19-234] Refreshing IP repositories
INFO: [IP_Flow 19-1700] Loaded user IP repository 'c:/Users/tangx/Desktop/ip/fake_iic/fake_max96717F_40'.
set_property  ip_repo_paths  {} [current_project]
update_ip_catalog
INFO: [IP_Flow 19-234] Refreshing IP repositories
INFO: [IP_Flow 19-1704] No user IP repositories specified
set_property  ip_repo_paths  C:/Users/tangx/Desktop/ip/fake_iic/fake_max96717_40 [current_project]
update_ip_catalog
INFO: [IP_Flow 19-234] Refreshing IP repositories
INFO: [IP_Flow 19-1700] Loaded user IP repository 'c:/Users/tangx/Desktop/ip/fake_iic/fake_max96717_40'.
WARNING: [IP_Flow 19-3656] If you move the project, the path for repository 'c:/Users/tangx/Desktop/ip/fake_iic/fake_max96717_40' may become invalid. A better location for the repository would be in a path adjacent to the project. (Current project location is 'c:/Users/tangx/Desktop/ip/fake_iic/fake_max96717_40/project_1'.)
ipx::edit_ip_in_project -upgrade true -name fake_max96717_40_v1_0_project -directory C:/Users/tangx/Desktop/ip/fake_iic/fake_max96717_40/project_1/project_1.tmp/fake_max96717_40_v1_0_project c:/Users/tangx/Desktop/ip/fake_iic/fake_max96717_40/component.xml
INFO: [ProjectBase 1-489] The host OS only allows 260 characters in a normal path. The project is stored in a path with more than 80 characters. If you experience issues with IP, Block Designs, or files not being found, please consider moving the project to a location with a shorter path. Alternately consider using the OS subst command to map part of the path to a drive letter.
Current project path is 'c:/users/tangx/desktop/ip/fake_iic/fake_max96717_40/project_1/project_1.tmp/fake_max96717_40_v1_0_project'
INFO: [IP_Flow 19-234] Refreshing IP repositories
INFO: [IP_Flow 19-1704] No user IP repositories specified
INFO: [IP_Flow 19-2313] Loaded Vivado IP repository 'D:/Vivado/Vivado/2020.1/data/ip'.
INFO: [IP_Flow 19-234] Refreshing IP repositories
INFO: [IP_Flow 19-1700] Loaded user IP repository 'c:/Users/tangx/Desktop/ip/fake_iic/fake_max96717_40'.
INFO: [IP_Flow 19-795] Syncing license key meta-data
WARNING: [filemgmt 56-99] Vivado Synthesis ignores library specification for Verilog or SystemVerilog files. [c:/Users/tangx/Desktop/ip/fake_iic/fake_max96717_40/rtl/reset_sync.v:]
WARNING: [filemgmt 56-99] Vivado Synthesis ignores library specification for Verilog or SystemVerilog files. [c:/Users/tangx/Desktop/ip/fake_iic/fake_max96717_40/rtl/fake_max96717_40.v:]
ipx::edit_ip_in_project: Time (s): cpu = 00:00:03 ; elapsed = 00:00:06 . Memory (MB): peak = 1079.371 ; gain = 0.000
update_compile_order -fileset sources_1
ipx::merge_project_changes hdl_parameters [ipx::current_core]
WARNING: [IP_Flow 19-5226] Project source file 'c:/Users/tangx/Desktop/ip/fake_iic/fake_max96717_40/component.xml' ignored by IP packager.
INFO: [IP_Flow 19-4821] For module 'fake_max96717_40', parameter 'DEVICE_ADDR_BIT' is inferred to be bitString format.
INFO: [IP_Flow 19-4821] For module 'fake_max96717_40', parameter 'I2C_SLAVE_REG_MODE' is inferred to be bitString format.
INFO: [IP_Flow 19-4821] For module 'fake_max96717_40', parameter 'I2C_SLAVE_DAT_MODE' is inferred to be bitString format.
INFO: [IP_Flow 19-4821] For module 'fake_max96717_40', parameter 'SDA_T_POLARITY' is inferred to be bitString format.
ERROR: [Common 17-39] 'ipx::merge_project_changes' failed due to earlier errors.
ipgui::add_param -name {I2C_SLAVE_ADDR} -component [ipx::current_core] -display_name {I2c Slave Addr(7bit device addr)} -show_label {true} -show_range {true} -widget {}
WARNING: [IP_Flow 19-4067] Ignoring invalid widget type specified .Providing a default widget
set_property value 0 [ipx::get_user_parameters I2C_SLAVE_REG_MODE -of_objects [ipx::current_core]]
set_property value 0 [ipx::get_hdl_parameters I2C_SLAVE_REG_MODE -of_objects [ipx::current_core]]
ipgui::add_param -name {I2C_SLAVE_REG_MODE} -component [ipx::current_core] -display_name {I2c Slave Reg Mode(0--1 byte reg addr,1--2 byte reg addr)} -show_label {true} -show_range {true} -widget {comboBox}
set_property value 0 [ipx::get_user_parameters I2C_SLAVE_DAT_MODE -of_objects [ipx::current_core]]
set_property value 0 [ipx::get_hdl_parameters I2C_SLAVE_DAT_MODE -of_objects [ipx::current_core]]
ipgui::add_param -name {I2C_SLAVE_DAT_MODE} -component [ipx::current_core] -display_name {I2c Slave Dat Mode(0--1 byte data,1--2 byte data)} -show_label {true} -show_range {true} -widget {comboBox}
ipgui::add_param -name {REG_DEVICE_ADDR} -component [ipx::current_core] -display_name {Reg Device Addr} -show_label {true} -show_range {true} -widget {}
WARNING: [IP_Flow 19-4067] Ignoring invalid widget type specified .Providing a default widget
set_property value 0 [ipx::get_user_parameters SDA_T_POLARITY -of_objects [ipx::current_core]]
set_property value 0 [ipx::get_hdl_parameters SDA_T_POLARITY -of_objects [ipx::current_core]]
ipgui::add_param -name {SDA_T_POLARITY} -component [ipx::current_core] -display_name {Sda T Polarity(High level or low level as output)} -show_label {true} -show_range {true} -widget {comboBox}
set_property value 0 [ipx::get_user_parameters DEVICE_ADDR_BIT -of_objects [ipx::current_core]]
set_property value 0 [ipx::get_hdl_parameters DEVICE_ADDR_BIT -of_objects [ipx::current_core]]
ipgui::add_param -name {DEVICE_ADDR_BIT} -component [ipx::current_core] -display_name {Device Addr Bitt(Whether the device address is stored in the upper 7 bits or the lower 7 bits,1 is upper 7 bits)} -show_label {true} -show_range {true} -widget {comboBox}
set_property core_revision 1 [ipx::current_core]
ipx::create_xgui_files [ipx::current_core]
ipx::update_checksums [ipx::current_core]
ipx::save_core [ipx::current_core]
ipx::move_temp_component_back -component [ipx::current_core]
close_project -delete
update_ip_catalog -rebuild -repo_path c:/Users/tangx/Desktop/ip/fake_iic/fake_max96717_40
INFO: [IP_Flow 19-725] Reloaded user IP repository 'c:/Users/tangx/Desktop/ip/fake_iic/fake_max96717_40'
ipx::edit_ip_in_project -upgrade true -name fake_max96717_40_v1_1_project -directory C:/Users/tangx/Desktop/ip/fake_iic/fake_max96717_40/project_1/project_1.tmp/fake_max96717_40_v1_1_project c:/Users/tangx/Desktop/ip/fake_iic/fake_max96717_40/component.xml
INFO: [ProjectBase 1-489] The host OS only allows 260 characters in a normal path. The project is stored in a path with more than 80 characters. If you experience issues with IP, Block Designs, or files not being found, please consider moving the project to a location with a shorter path. Alternately consider using the OS subst command to map part of the path to a drive letter.
Current project path is 'c:/users/tangx/desktop/ip/fake_iic/fake_max96717_40/project_1/project_1.tmp/fake_max96717_40_v1_1_project'
INFO: [IP_Flow 19-234] Refreshing IP repositories
INFO: [IP_Flow 19-1704] No user IP repositories specified
INFO: [IP_Flow 19-2313] Loaded Vivado IP repository 'D:/Vivado/Vivado/2020.1/data/ip'.
INFO: [IP_Flow 19-234] Refreshing IP repositories
INFO: [IP_Flow 19-1700] Loaded user IP repository 'c:/Users/tangx/Desktop/ip/fake_iic/fake_max96717_40'.
INFO: [IP_Flow 19-795] Syncing license key meta-data
WARNING: [filemgmt 56-99] Vivado Synthesis ignores library specification for Verilog or SystemVerilog files. [c:/Users/tangx/Desktop/ip/fake_iic/fake_max96717_40/rtl/reset_sync.v:]
WARNING: [filemgmt 56-99] Vivado Synthesis ignores library specification for Verilog or SystemVerilog files. [c:/Users/tangx/Desktop/ip/fake_iic/fake_max96717_40/rtl/fake_max96717_40.v:]
ipx::edit_ip_in_project: Time (s): cpu = 00:00:03 ; elapsed = 00:00:05 . Memory (MB): peak = 1119.891 ; gain = 0.000
update_compile_order -fileset sources_1
ipgui::remove_page -component [ipx::current_core] [ipgui::get_pagespec -name "Page 0" -component [ipx::current_core]]
set_property widget {hexEdit} [ipgui::get_guiparamspec -name "I2C_SLAVE_ADDR" -component [ipx::current_core] ]
set_property widget {radioGroup} [ipgui::get_guiparamspec -name "I2C_SLAVE_REG_MODE" -component [ipx::current_core] ]
set_property layout {vertical} [ipgui::get_guiparamspec -name "I2C_SLAVE_REG_MODE" -component [ipx::current_core] ]
set_property widget {radioGroup} [ipgui::get_guiparamspec -name "I2C_SLAVE_DAT_MODE" -component [ipx::current_core] ]
set_property layout {vertical} [ipgui::get_guiparamspec -name "I2C_SLAVE_DAT_MODE" -component [ipx::current_core] ]
set_property widget {hexEdit} [ipgui::get_guiparamspec -name "REG_DEVICE_ADDR" -component [ipx::current_core] ]
set_property widget {hexEdit} [ipgui::get_guiparamspec -name "REG_DEVICE_ADDR" -component [ipx::current_core] ]
set_property widget {radioGroup} [ipgui::get_guiparamspec -name "SDA_T_POLARITY" -component [ipx::current_core] ]
set_property layout {vertical} [ipgui::get_guiparamspec -name "SDA_T_POLARITY" -component [ipx::current_core] ]
set_property widget {radioGroup} [ipgui::get_guiparamspec -name "DEVICE_ADDR_BIT" -component [ipx::current_core] ]
set_property layout {vertical} [ipgui::get_guiparamspec -name "DEVICE_ADDR_BIT" -component [ipx::current_core] ]
ipgui::move_param -component [ipx::current_core] -order 7 [ipgui::get_guiparamspec -name "I2C_SLAVE_REG_MODE" -component [ipx::current_core]] -parent [ipgui::get_canvasspec -component [ipx::current_core]]
ipgui::move_param -component [ipx::current_core] -order 7 [ipgui::get_guiparamspec -name "I2C_SLAVE_DAT_MODE" -component [ipx::current_core]] -parent [ipgui::get_canvasspec -component [ipx::current_core]]
ipgui::move_param -component [ipx::current_core] -order 6 [ipgui::get_guiparamspec -name "SDA_T_POLARITY" -component [ipx::current_core]] -parent [ipgui::get_canvasspec -component [ipx::current_core]]
ipgui::move_param -component [ipx::current_core] -order 4 [ipgui::get_guiparamspec -name "SDA_T_POLARITY" -component [ipx::current_core]] -parent [ipgui::get_canvasspec -component [ipx::current_core]]
ipgui::move_param -component [ipx::current_core] -order 5 [ipgui::get_guiparamspec -name "SDA_T_POLARITY" -component [ipx::current_core]] -parent [ipgui::get_canvasspec -component [ipx::current_core]]
set_property layout {vertical} [ipgui::get_guiparamspec -name "DEVICE_ADDR_BIT" -component [ipx::current_core] ]
set_property value 1 [ipx::get_user_parameters DEVICE_ADDR_BIT -of_objects [ipx::current_core]]
set_property value 1 [ipx::get_hdl_parameters DEVICE_ADDR_BIT -of_objects [ipx::current_core]]
set_property layout {vertical} [ipgui::get_guiparamspec -name "DEVICE_ADDR_BIT" -component [ipx::current_core] ]
set_property core_revision 2 [ipx::current_core]
ipx::update_source_project_archive -component [ipx::current_core]
ipx::create_xgui_files [ipx::current_core]
ipx::update_checksums [ipx::current_core]
ipx::save_core [ipx::current_core]
ipx::move_temp_component_back -component [ipx::current_core]
close_project -delete
update_ip_catalog -rebuild -repo_path c:/Users/tangx/Desktop/ip/fake_iic/fake_max96717_40
INFO: [IP_Flow 19-725] Reloaded user IP repository 'c:/Users/tangx/Desktop/ip/fake_iic/fake_max96717_40'
ipx::edit_ip_in_project -upgrade true -name fake_max96717_40_v1_1_project -directory C:/Users/tangx/Desktop/ip/fake_iic/fake_max96717_40/project_1/project_1.tmp/fake_max96717_40_v1_1_project c:/Users/tangx/Desktop/ip/fake_iic/fake_max96717_40/component.xml
INFO: [ProjectBase 1-489] The host OS only allows 260 characters in a normal path. The project is stored in a path with more than 80 characters. If you experience issues with IP, Block Designs, or files not being found, please consider moving the project to a location with a shorter path. Alternately consider using the OS subst command to map part of the path to a drive letter.
Current project path is 'c:/users/tangx/desktop/ip/fake_iic/fake_max96717_40/project_1/project_1.tmp/fake_max96717_40_v1_1_project'
INFO: [IP_Flow 19-234] Refreshing IP repositories
INFO: [IP_Flow 19-1704] No user IP repositories specified
INFO: [IP_Flow 19-2313] Loaded Vivado IP repository 'D:/Vivado/Vivado/2020.1/data/ip'.
create_project: Time (s): cpu = 00:00:06 ; elapsed = 00:00:06 . Memory (MB): peak = 1180.523 ; gain = 0.000
INFO: [IP_Flow 19-234] Refreshing IP repositories
INFO: [IP_Flow 19-1700] Loaded user IP repository 'c:/Users/tangx/Desktop/ip/fake_iic/fake_max96717_40'.
INFO: [IP_Flow 19-795] Syncing license key meta-data
WARNING: [filemgmt 56-99] Vivado Synthesis ignores library specification for Verilog or SystemVerilog files. [c:/Users/tangx/Desktop/ip/fake_iic/fake_max96717_40/rtl/reset_sync.v:]
WARNING: [filemgmt 56-99] Vivado Synthesis ignores library specification for Verilog or SystemVerilog files. [c:/Users/tangx/Desktop/ip/fake_iic/fake_max96717_40/rtl/fake_max96717_40.v:]
ipx::edit_ip_in_project: Time (s): cpu = 00:00:07 ; elapsed = 00:00:07 . Memory (MB): peak = 1180.523 ; gain = 0.000
update_compile_order -fileset sources_1
set_property layout {vertical} [ipgui::get_guiparamspec -name "I2C_SLAVE_REG_MODE" -component [ipx::current_core] ]
set_property value 1 [ipx::get_user_parameters I2C_SLAVE_REG_MODE -of_objects [ipx::current_core]]
set_property value 1 [ipx::get_hdl_parameters I2C_SLAVE_REG_MODE -of_objects [ipx::current_core]]
set_property core_revision 3 [ipx::current_core]
ipx::update_source_project_archive -component [ipx::current_core]
ipx::create_xgui_files [ipx::current_core]
ipx::update_checksums [ipx::current_core]
ipx::save_core [ipx::current_core]
ipx::move_temp_component_back -component [ipx::current_core]
close_project -delete
update_ip_catalog -rebuild -repo_path c:/Users/tangx/Desktop/ip/fake_iic/fake_max96717_40
INFO: [IP_Flow 19-725] Reloaded user IP repository 'c:/Users/tangx/Desktop/ip/fake_iic/fake_max96717_40'
ipx::edit_ip_in_project -upgrade true -name fake_max96717_40_v1_1_project -directory C:/Users/tangx/Desktop/ip/fake_iic/fake_max96717_40/project_1/project_1.tmp/fake_max96717_40_v1_1_project c:/Users/tangx/Desktop/ip/fake_iic/fake_max96717_40/component.xml
INFO: [ProjectBase 1-489] The host OS only allows 260 characters in a normal path. The project is stored in a path with more than 80 characters. If you experience issues with IP, Block Designs, or files not being found, please consider moving the project to a location with a shorter path. Alternately consider using the OS subst command to map part of the path to a drive letter.
Current project path is 'c:/users/tangx/desktop/ip/fake_iic/fake_max96717_40/project_1/project_1.tmp/fake_max96717_40_v1_1_project'
INFO: [IP_Flow 19-234] Refreshing IP repositories
INFO: [IP_Flow 19-1704] No user IP repositories specified
INFO: [IP_Flow 19-2313] Loaded Vivado IP repository 'D:/Vivado/Vivado/2020.1/data/ip'.
INFO: [IP_Flow 19-234] Refreshing IP repositories
INFO: [IP_Flow 19-1700] Loaded user IP repository 'c:/Users/tangx/Desktop/ip/fake_iic/fake_max96717_40'.
INFO: [IP_Flow 19-795] Syncing license key meta-data
WARNING: [filemgmt 56-99] Vivado Synthesis ignores library specification for Verilog or SystemVerilog files. [c:/Users/tangx/Desktop/ip/fake_iic/fake_max96717_40/rtl/reset_sync.v:]
WARNING: [filemgmt 56-99] Vivado Synthesis ignores library specification for Verilog or SystemVerilog files. [c:/Users/tangx/Desktop/ip/fake_iic/fake_max96717_40/rtl/fake_max96717_40.v:]
update_compile_order -fileset sources_1
set_property core_revision 4 [ipx::current_core]
ipx::update_source_project_archive -component [ipx::current_core]
ipx::create_xgui_files [ipx::current_core]
ipx::update_checksums [ipx::current_core]
ipx::save_core [ipx::current_core]
ipx::move_temp_component_back -component [ipx::current_core]
close_project -delete
update_ip_catalog -rebuild -repo_path c:/Users/tangx/Desktop/ip/fake_iic/fake_max96717_40
INFO: [IP_Flow 19-725] Reloaded user IP repository 'c:/Users/tangx/Desktop/ip/fake_iic/fake_max96717_40'
exit
INFO: [Common 17-206] Exiting Vivado at Wed Mar 29 17:43:12 2023...
