Analysis & Synthesis report for I2C_slave
Wed May 18 15:15:54 2022
Quartus Prime Version 18.1.0 Build 625 09/12/2018 SJ Standard Edition


---------------------
; Table of Contents ;
---------------------
  1. Legal Notice
  2. Analysis & Synthesis Summary
  3. Analysis & Synthesis Settings
  4. Parallel Compilation
  5. Analysis & Synthesis Source Files Read
  6. Analysis & Synthesis Resource Usage Summary
  7. Analysis & Synthesis Resource Utilization by Entity
  8. Analysis & Synthesis RAM Summary
  9. State Machine - |i2c_top|slave_2:i2c_slave|state_c
 10. Registers Removed During Synthesis
 11. General Register Statistics
 12. Inverted Register Statistics
 13. Registers Added for RAM Pass-Through Logic
 14. Multiplexer Restructuring Statistics (Restructuring Performed)
 15. Source assignments for slave_2:i2c_slave|altsyncram:memery_rtl_0|altsyncram_mpg1:auto_generated
 16. Parameter Settings for User Entity Instance: slave_2:i2c_slave
 17. Parameter Settings for User Entity Instance: smg_ctrl:Segment
 18. Parameter Settings for Inferred Entity Instance: slave_2:i2c_slave|altsyncram:memery_rtl_0
 19. altsyncram Parameter Settings by Entity Instance
 20. Port Connectivity Checks: "smg_ctrl:Segment"
 21. Port Connectivity Checks: "slave_2:i2c_slave"
 22. Post-Synthesis Netlist Statistics for Top Partition
 23. Elapsed Time Per Partition
 24. Analysis & Synthesis Messages
 25. Analysis & Synthesis Suppressed Messages



----------------
; Legal Notice ;
----------------
Copyright (C) 2018  Intel Corporation. All rights reserved.
Your use of Intel Corporation's design tools, logic functions 
and other software and tools, and its AMPP partner logic 
functions, and any output files from any of the foregoing 
(including device programming or simulation files), and any 
associated documentation or information are expressly subject 
to the terms and conditions of the Intel Program License 
Subscription Agreement, the Intel Quartus Prime License Agreement,
the Intel FPGA IP License Agreement, or other applicable license
agreement, including, without limitation, that your use is for
the sole purpose of programming logic devices manufactured by
Intel and sold by Intel or its authorized distributors.  Please
refer to the applicable agreement for further details.



+--------------------------------------------------------------------------------------+
; Analysis & Synthesis Summary                                                         ;
+------------------------------------+-------------------------------------------------+
; Analysis & Synthesis Status        ; Successful - Wed May 18 15:15:54 2022           ;
; Quartus Prime Version              ; 18.1.0 Build 625 09/12/2018 SJ Standard Edition ;
; Revision Name                      ; I2C_slave                                       ;
; Top-level Entity Name              ; i2c_top                                         ;
; Family                             ; Cyclone IV E                                    ;
; Total logic elements               ; 227                                             ;
;     Total combinational functions  ; 187                                             ;
;     Dedicated logic registers      ; 118                                             ;
; Total registers                    ; 118                                             ;
; Total pins                         ; 18                                              ;
; Total virtual pins                 ; 0                                               ;
; Total memory bits                  ; 128                                             ;
; Embedded Multiplier 9-bit elements ; 0                                               ;
; Total PLLs                         ; 0                                               ;
+------------------------------------+-------------------------------------------------+


+------------------------------------------------------------------------------------------------------------+
; Analysis & Synthesis Settings                                                                              ;
+------------------------------------------------------------------+--------------------+--------------------+
; Option                                                           ; Setting            ; Default Value      ;
+------------------------------------------------------------------+--------------------+--------------------+
; Device                                                           ; EP4CE6F17C8        ;                    ;
; Top-level entity name                                            ; i2c_top            ; I2C_slave          ;
; Family name                                                      ; Cyclone IV E       ; Cyclone V          ;
; Use smart compilation                                            ; Off                ; Off                ;
; Enable parallel Assembler and Timing Analyzer during compilation ; On                 ; On                 ;
; Enable compact report table                                      ; Off                ; Off                ;
; Restructure Multiplexers                                         ; Auto               ; Auto               ;
; Create Debugging Nodes for IP Cores                              ; Off                ; Off                ;
; Preserve fewer node names                                        ; On                 ; On                 ;
; Intel FPGA IP Evaluation Mode                                    ; Enable             ; Enable             ;
; Verilog Version                                                  ; Verilog_2001       ; Verilog_2001       ;
; VHDL Version                                                     ; VHDL_1993          ; VHDL_1993          ;
; State Machine Processing                                         ; Auto               ; Auto               ;
; Safe State Machine                                               ; Off                ; Off                ;
; Extract Verilog State Machines                                   ; On                 ; On                 ;
; Extract VHDL State Machines                                      ; On                 ; On                 ;
; Ignore Verilog initial constructs                                ; Off                ; Off                ;
; Iteration limit for constant Verilog loops                       ; 5000               ; 5000               ;
; Iteration limit for non-constant Verilog loops                   ; 250                ; 250                ;
; Add Pass-Through Logic to Inferred RAMs                          ; On                 ; On                 ;
; Infer RAMs from Raw Logic                                        ; On                 ; On                 ;
; Parallel Synthesis                                               ; On                 ; On                 ;
; DSP Block Balancing                                              ; Auto               ; Auto               ;
; NOT Gate Push-Back                                               ; On                 ; On                 ;
; Power-Up Don't Care                                              ; On                 ; On                 ;
; Remove Redundant Logic Cells                                     ; Off                ; Off                ;
; Remove Duplicate Registers                                       ; On                 ; On                 ;
; Ignore CARRY Buffers                                             ; Off                ; Off                ;
; Ignore CASCADE Buffers                                           ; Off                ; Off                ;
; Ignore GLOBAL Buffers                                            ; Off                ; Off                ;
; Ignore ROW GLOBAL Buffers                                        ; Off                ; Off                ;
; Ignore LCELL Buffers                                             ; Off                ; Off                ;
; Ignore SOFT Buffers                                              ; On                 ; On                 ;
; Limit AHDL Integers to 32 Bits                                   ; Off                ; Off                ;
; Optimization Technique                                           ; Balanced           ; Balanced           ;
; Carry Chain Length                                               ; 70                 ; 70                 ;
; Auto Carry Chains                                                ; On                 ; On                 ;
; Auto Open-Drain Pins                                             ; On                 ; On                 ;
; Perform WYSIWYG Primitive Resynthesis                            ; Off                ; Off                ;
; Auto ROM Replacement                                             ; On                 ; On                 ;
; Auto RAM Replacement                                             ; On                 ; On                 ;
; Auto DSP Block Replacement                                       ; On                 ; On                 ;
; Auto Shift Register Replacement                                  ; Auto               ; Auto               ;
; Allow Shift Register Merging across Hierarchies                  ; Auto               ; Auto               ;
; Auto Clock Enable Replacement                                    ; On                 ; On                 ;
; Strict RAM Replacement                                           ; Off                ; Off                ;
; Allow Synchronous Control Signals                                ; On                 ; On                 ;
; Force Use of Synchronous Clear Signals                           ; Off                ; Off                ;
; Auto RAM Block Balancing                                         ; On                 ; On                 ;
; Auto RAM to Logic Cell Conversion                                ; Off                ; Off                ;
; Auto Resource Sharing                                            ; Off                ; Off                ;
; Allow Any RAM Size For Recognition                               ; Off                ; Off                ;
; Allow Any ROM Size For Recognition                               ; Off                ; Off                ;
; Allow Any Shift Register Size For Recognition                    ; Off                ; Off                ;
; Use LogicLock Constraints during Resource Balancing              ; On                 ; On                 ;
; Ignore translate_off and synthesis_off directives                ; Off                ; Off                ;
; Timing-Driven Synthesis                                          ; On                 ; On                 ;
; Report Parameter Settings                                        ; On                 ; On                 ;
; Report Source Assignments                                        ; On                 ; On                 ;
; Report Connectivity Checks                                       ; On                 ; On                 ;
; Ignore Maximum Fan-Out Assignments                               ; Off                ; Off                ;
; Synchronization Register Chain Length                            ; 2                  ; 2                  ;
; Power Optimization During Synthesis                              ; Normal compilation ; Normal compilation ;
; HDL message level                                                ; Level2             ; Level2             ;
; Suppress Register Optimization Related Messages                  ; Off                ; Off                ;
; Number of Removed Registers Reported in Synthesis Report         ; 5000               ; 5000               ;
; Number of Swept Nodes Reported in Synthesis Report               ; 5000               ; 5000               ;
; Number of Inverted Registers Reported in Synthesis Report        ; 100                ; 100                ;
; Clock MUX Protection                                             ; On                 ; On                 ;
; Auto Gated Clock Conversion                                      ; Off                ; Off                ;
; Block Design Naming                                              ; Auto               ; Auto               ;
; SDC constraint protection                                        ; Off                ; Off                ;
; Synthesis Effort                                                 ; Auto               ; Auto               ;
; Shift Register Replacement - Allow Asynchronous Clear Signal     ; On                 ; On                 ;
; Pre-Mapping Resynthesis Optimization                             ; Off                ; Off                ;
; Analysis & Synthesis Message Level                               ; Medium             ; Medium             ;
; Disable Register Merging Across Hierarchies                      ; Auto               ; Auto               ;
; Resource Aware Inference For Block RAM                           ; On                 ; On                 ;
+------------------------------------------------------------------+--------------------+--------------------+


+------------------------------------------+
; Parallel Compilation                     ;
+----------------------------+-------------+
; Processors                 ; Number      ;
+----------------------------+-------------+
; Number detected on machine ; 8           ;
; Maximum allowed            ; 4           ;
;                            ;             ;
; Average used               ; 1.00        ;
; Maximum used               ; 4           ;
;                            ;             ;
; Usage by Processor         ; % Time Used ;
;     Processor 1            ; 100.0%      ;
;     Processors 2-4         ;   0.0%      ;
+----------------------------+-------------+


+--------------------------------------------------------------------------------------------------------------------------------------------------------------------------+
; Analysis & Synthesis Source Files Read                                                                                                                                   ;
+----------------------------------+-----------------+------------------------------+----------------------------------------------------------------------------+---------+
; File Name with User-Entered Path ; Used in Netlist ; File Type                    ; File Name with Absolute Path                                               ; Library ;
+----------------------------------+-----------------+------------------------------+----------------------------------------------------------------------------+---------+
; ../rtl/slave_2.v                 ; yes             ; User Verilog HDL File        ; D:/BaiduNetdiskWorkspace/Adolph_Study/I2C_Slave/rtl/slave_2.v              ;         ;
; ../rtl/smg_ctrl.v                ; yes             ; User Verilog HDL File        ; D:/BaiduNetdiskWorkspace/Adolph_Study/I2C_Slave/rtl/smg_ctrl.v             ;         ;
; ../rtl/i2c_top.v                 ; yes             ; User Verilog HDL File        ; D:/BaiduNetdiskWorkspace/Adolph_Study/I2C_Slave/rtl/i2c_top.v              ;         ;
; altsyncram.tdf                   ; yes             ; Megafunction                 ; d:/intelfpga/18.1/quartus/libraries/megafunctions/altsyncram.tdf           ;         ;
; stratix_ram_block.inc            ; yes             ; Megafunction                 ; d:/intelfpga/18.1/quartus/libraries/megafunctions/stratix_ram_block.inc    ;         ;
; lpm_mux.inc                      ; yes             ; Megafunction                 ; d:/intelfpga/18.1/quartus/libraries/megafunctions/lpm_mux.inc              ;         ;
; lpm_decode.inc                   ; yes             ; Megafunction                 ; d:/intelfpga/18.1/quartus/libraries/megafunctions/lpm_decode.inc           ;         ;
; aglobal181.inc                   ; yes             ; Megafunction                 ; d:/intelfpga/18.1/quartus/libraries/megafunctions/aglobal181.inc           ;         ;
; a_rdenreg.inc                    ; yes             ; Megafunction                 ; d:/intelfpga/18.1/quartus/libraries/megafunctions/a_rdenreg.inc            ;         ;
; altrom.inc                       ; yes             ; Megafunction                 ; d:/intelfpga/18.1/quartus/libraries/megafunctions/altrom.inc               ;         ;
; altram.inc                       ; yes             ; Megafunction                 ; d:/intelfpga/18.1/quartus/libraries/megafunctions/altram.inc               ;         ;
; altdpram.inc                     ; yes             ; Megafunction                 ; d:/intelfpga/18.1/quartus/libraries/megafunctions/altdpram.inc             ;         ;
; db/altsyncram_mpg1.tdf           ; yes             ; Auto-Generated Megafunction  ; D:/BaiduNetdiskWorkspace/Adolph_Study/I2C_Slave/prj/db/altsyncram_mpg1.tdf ;         ;
+----------------------------------+-----------------+------------------------------+----------------------------------------------------------------------------+---------+


+---------------------------------------------------------+
; Analysis & Synthesis Resource Usage Summary             ;
+---------------------------------------------+-----------+
; Resource                                    ; Usage     ;
+---------------------------------------------+-----------+
; Estimated Total logic elements              ; 227       ;
;                                             ;           ;
; Total combinational functions               ; 187       ;
; Logic element usage by number of LUT inputs ;           ;
;     -- 4 input functions                    ; 115       ;
;     -- 3 input functions                    ; 21        ;
;     -- <=2 input functions                  ; 51        ;
;                                             ;           ;
; Logic elements by mode                      ;           ;
;     -- normal mode                          ; 157       ;
;     -- arithmetic mode                      ; 30        ;
;                                             ;           ;
; Total registers                             ; 118       ;
;     -- Dedicated logic registers            ; 118       ;
;     -- I/O registers                        ; 0         ;
;                                             ;           ;
; I/O pins                                    ; 18        ;
; Total memory bits                           ; 128       ;
;                                             ;           ;
; Embedded Multiplier 9-bit elements          ; 0         ;
;                                             ;           ;
; Maximum fan-out node                        ; Clk~input ;
; Maximum fan-out                             ; 126       ;
; Total fan-out                               ; 1152      ;
; Average fan-out                             ; 3.29      ;
+---------------------------------------------+-----------+


+-------------------------------------------------------------------------------------------------------------------------------------------------------------------------------------------------------------------------------------------------------------------------------------------+
; Analysis & Synthesis Resource Utilization by Entity                                                                                                                                                                                                                                       ;
+-------------------------------------------+---------------------+---------------------------+-------------+--------------+---------+-----------+------+--------------+-----------------------------------------------------------------------------------+-----------------+--------------+
; Compilation Hierarchy Node                ; Combinational ALUTs ; Dedicated Logic Registers ; Memory Bits ; DSP Elements ; DSP 9x9 ; DSP 18x18 ; Pins ; Virtual Pins ; Full Hierarchy Name                                                               ; Entity Name     ; Library Name ;
+-------------------------------------------+---------------------+---------------------------+-------------+--------------+---------+-----------+------+--------------+-----------------------------------------------------------------------------------+-----------------+--------------+
; |i2c_top                                  ; 187 (1)             ; 118 (0)                   ; 128         ; 0            ; 0       ; 0         ; 18   ; 0            ; |i2c_top                                                                          ; i2c_top         ; work         ;
;    |slave_2:i2c_slave|                    ; 142 (142)           ; 89 (89)                   ; 128         ; 0            ; 0       ; 0         ; 0    ; 0            ; |i2c_top|slave_2:i2c_slave                                                        ; slave_2         ; work         ;
;       |altsyncram:memery_rtl_0|           ; 0 (0)               ; 0 (0)                     ; 128         ; 0            ; 0       ; 0         ; 0    ; 0            ; |i2c_top|slave_2:i2c_slave|altsyncram:memery_rtl_0                                ; altsyncram      ; work         ;
;          |altsyncram_mpg1:auto_generated| ; 0 (0)               ; 0 (0)                     ; 128         ; 0            ; 0       ; 0         ; 0    ; 0            ; |i2c_top|slave_2:i2c_slave|altsyncram:memery_rtl_0|altsyncram_mpg1:auto_generated ; altsyncram_mpg1 ; work         ;
;    |smg_ctrl:Segment|                     ; 44 (44)             ; 29 (29)                   ; 0           ; 0            ; 0       ; 0         ; 0    ; 0            ; |i2c_top|smg_ctrl:Segment                                                         ; smg_ctrl        ; work         ;
+-------------------------------------------+---------------------+---------------------------+-------------+--------------+---------+-----------+------+--------------+-----------------------------------------------------------------------------------+-----------------+--------------+
Note: For table entries with two numbers listed, the numbers in parentheses indicate the number of resources of the given type used by the specific entity alone. The numbers listed outside of parentheses indicate the total resources of the given type used by the specific entity and all of its sub-entities in the hierarchy.


+-----------------------------------------------------------------------------------------------------------------------------------------------------------------------------------------+
; Analysis & Synthesis RAM Summary                                                                                                                                                        ;
+-------------------------------------------------------------------------------------+------+------------------+--------------+--------------+--------------+--------------+------+------+
; Name                                                                                ; Type ; Mode             ; Port A Depth ; Port A Width ; Port B Depth ; Port B Width ; Size ; MIF  ;
+-------------------------------------------------------------------------------------+------+------------------+--------------+--------------+--------------+--------------+------+------+
; slave_2:i2c_slave|altsyncram:memery_rtl_0|altsyncram_mpg1:auto_generated|ALTSYNCRAM ; AUTO ; Simple Dual Port ; 16           ; 8            ; 16           ; 8            ; 128  ; None ;
+-------------------------------------------------------------------------------------+------+------------------+--------------+--------------+--------------+--------------+------+------+


Encoding Type:  One-Hot
+------------------------------------------------------------------------------------------------------------------------------------+
; State Machine - |i2c_top|slave_2:i2c_slave|state_c                                                                                 ;
+-----------------+--------------+----------------+----------------+-----------------+----------------+---------------+--------------+
; Name            ; state_c.STOP ; state_c.RD_DAT ; state_c.WR_DAT ; state_c.RW_ADDR ; state_c.JUG_RW ; state_c.START ; state_c.IDLE ;
+-----------------+--------------+----------------+----------------+-----------------+----------------+---------------+--------------+
; state_c.IDLE    ; 0            ; 0              ; 0              ; 0               ; 0              ; 0             ; 0            ;
; state_c.START   ; 0            ; 0              ; 0              ; 0               ; 0              ; 1             ; 1            ;
; state_c.JUG_RW  ; 0            ; 0              ; 0              ; 0               ; 1              ; 0             ; 1            ;
; state_c.RW_ADDR ; 0            ; 0              ; 0              ; 1               ; 0              ; 0             ; 1            ;
; state_c.WR_DAT  ; 0            ; 0              ; 1              ; 0               ; 0              ; 0             ; 1            ;
; state_c.RD_DAT  ; 0            ; 1              ; 0              ; 0               ; 0              ; 0             ; 1            ;
; state_c.STOP    ; 1            ; 0              ; 0              ; 0               ; 0              ; 0             ; 1            ;
+-----------------+--------------+----------------+----------------+-----------------+----------------+---------------+--------------+


+--------------------------------------------------------------------------------+
; Registers Removed During Synthesis                                             ;
+---------------------------------------+----------------------------------------+
; Register name                         ; Reason for Removal                     ;
+---------------------------------------+----------------------------------------+
; smg_ctrl:Segment|dot                  ; Stuck at VCC due to stuck port data_in ;
; slave_2:i2c_slave|state_c~11          ; Lost fanout                            ;
; Total Number of Removed Registers = 2 ;                                        ;
+---------------------------------------+----------------------------------------+


+------------------------------------------------------+
; General Register Statistics                          ;
+----------------------------------------------+-------+
; Statistic                                    ; Value ;
+----------------------------------------------+-------+
; Total registers                              ; 118   ;
; Number of registers using Synchronous Clear  ; 22    ;
; Number of registers using Synchronous Load   ; 0     ;
; Number of registers using Asynchronous Clear ; 97    ;
; Number of registers using Asynchronous Load  ; 0     ;
; Number of registers using Clock Enable       ; 56    ;
; Number of registers using Preset             ; 0     ;
+----------------------------------------------+-------+


+--------------------------------------------------+
; Inverted Register Statistics                     ;
+----------------------------------------+---------+
; Inverted Register                      ; Fan out ;
+----------------------------------------+---------+
; smg_ctrl:Segment|sen_wei_r[0]          ; 3       ;
; smg_ctrl:Segment|sen_wei_r[1]          ; 3       ;
; smg_ctrl:Segment|sen_wei_r[2]          ; 3       ;
; smg_ctrl:Segment|sen_wei_r[3]          ; 3       ;
; smg_ctrl:Segment|sen_wei_r[4]          ; 11      ;
; Total number of inverted registers = 5 ;         ;
+----------------------------------------+---------+


+----------------------------------------------------------------------------+
; Registers Added for RAM Pass-Through Logic                                 ;
+-------------------------------------------+--------------------------------+
; Register Name                             ; RAM Name                       ;
+-------------------------------------------+--------------------------------+
; slave_2:i2c_slave|memery_rtl_0_bypass[0]  ; slave_2:i2c_slave|memery_rtl_0 ;
; slave_2:i2c_slave|memery_rtl_0_bypass[1]  ; slave_2:i2c_slave|memery_rtl_0 ;
; slave_2:i2c_slave|memery_rtl_0_bypass[2]  ; slave_2:i2c_slave|memery_rtl_0 ;
; slave_2:i2c_slave|memery_rtl_0_bypass[3]  ; slave_2:i2c_slave|memery_rtl_0 ;
; slave_2:i2c_slave|memery_rtl_0_bypass[4]  ; slave_2:i2c_slave|memery_rtl_0 ;
; slave_2:i2c_slave|memery_rtl_0_bypass[5]  ; slave_2:i2c_slave|memery_rtl_0 ;
; slave_2:i2c_slave|memery_rtl_0_bypass[6]  ; slave_2:i2c_slave|memery_rtl_0 ;
; slave_2:i2c_slave|memery_rtl_0_bypass[7]  ; slave_2:i2c_slave|memery_rtl_0 ;
; slave_2:i2c_slave|memery_rtl_0_bypass[8]  ; slave_2:i2c_slave|memery_rtl_0 ;
; slave_2:i2c_slave|memery_rtl_0_bypass[9]  ; slave_2:i2c_slave|memery_rtl_0 ;
; slave_2:i2c_slave|memery_rtl_0_bypass[10] ; slave_2:i2c_slave|memery_rtl_0 ;
; slave_2:i2c_slave|memery_rtl_0_bypass[11] ; slave_2:i2c_slave|memery_rtl_0 ;
; slave_2:i2c_slave|memery_rtl_0_bypass[12] ; slave_2:i2c_slave|memery_rtl_0 ;
; slave_2:i2c_slave|memery_rtl_0_bypass[13] ; slave_2:i2c_slave|memery_rtl_0 ;
; slave_2:i2c_slave|memery_rtl_0_bypass[14] ; slave_2:i2c_slave|memery_rtl_0 ;
; slave_2:i2c_slave|memery_rtl_0_bypass[15] ; slave_2:i2c_slave|memery_rtl_0 ;
; slave_2:i2c_slave|memery_rtl_0_bypass[16] ; slave_2:i2c_slave|memery_rtl_0 ;
+-------------------------------------------+--------------------------------+


+---------------------------------------------------------------------------------------------------------------------------------------------------------+
; Multiplexer Restructuring Statistics (Restructuring Performed)                                                                                          ;
+--------------------+-----------+---------------+----------------------+------------------------+------------+-------------------------------------------+
; Multiplexer Inputs ; Bus Width ; Baseline Area ; Area if Restructured ; Saving if Restructured ; Registered ; Example Multiplexer Output                ;
+--------------------+-----------+---------------+----------------------+------------------------+------------+-------------------------------------------+
; 4:1                ; 3 bits    ; 6 LEs         ; 6 LEs                ; 0 LEs                  ; Yes        ; |i2c_top|slave_2:i2c_slave|samp_flag[0]   ;
; 5:1                ; 4 bits    ; 12 LEs        ; 4 LEs                ; 8 LEs                  ; Yes        ; |i2c_top|slave_2:i2c_slave|cnt_bit[3]     ;
; 5:1                ; 11 bits   ; 33 LEs        ; 11 LEs               ; 22 LEs                 ; Yes        ; |i2c_top|slave_2:i2c_slave|cnt_sdai_h[10] ;
; 6:1                ; 11 bits   ; 44 LEs        ; 11 LEs               ; 33 LEs                 ; Yes        ; |i2c_top|slave_2:i2c_slave|cnt_sclk[7]    ;
; 7:1                ; 8 bits    ; 32 LEs        ; 24 LEs               ; 8 LEs                  ; Yes        ; |i2c_top|slave_2:i2c_slave|data_buf[6]    ;
; 5:1                ; 4 bits    ; 12 LEs        ; 8 LEs                ; 4 LEs                  ; No         ; |i2c_top|slave_2:i2c_slave|Selector30     ;
+--------------------+-----------+---------------+----------------------+------------------------+------------+-------------------------------------------+


+-------------------------------------------------------------------------------------------------+
; Source assignments for slave_2:i2c_slave|altsyncram:memery_rtl_0|altsyncram_mpg1:auto_generated ;
+---------------------------------+--------------------+------+-----------------------------------+
; Assignment                      ; Value              ; From ; To                                ;
+---------------------------------+--------------------+------+-----------------------------------+
; OPTIMIZE_POWER_DURING_SYNTHESIS ; NORMAL_COMPILATION ; -    ; -                                 ;
+---------------------------------+--------------------+------+-----------------------------------+


+----------------------------------------------------------------+
; Parameter Settings for User Entity Instance: slave_2:i2c_slave ;
+----------------+----------+------------------------------------+
; Parameter Name ; Value    ; Type                               ;
+----------------+----------+------------------------------------+
; WR_CTRL_WORD   ; 10100000 ; Unsigned Binary                    ;
; RD_CTRL_WORD   ; 10100001 ; Unsigned Binary                    ;
+----------------+----------+------------------------------------+
Note: In order to hide this table in the UI and the text report file, please set the "Show Parameter Settings in Synthesis Report" option in "Analysis and Synthesis Settings -> More Settings" to "Off".


+---------------------------------------------------------------+
; Parameter Settings for User Entity Instance: smg_ctrl:Segment ;
+----------------+-------------+--------------------------------+
; Parameter Name ; Value       ; Type                           ;
+----------------+-------------+--------------------------------+
; TIMER_20us_cnt ; 11111010000 ; Unsigned Binary                ;
+----------------+-------------+--------------------------------+
Note: In order to hide this table in the UI and the text report file, please set the "Show Parameter Settings in Synthesis Report" option in "Analysis and Synthesis Settings -> More Settings" to "Off".


+--------------------------------------------------------------------------------------------+
; Parameter Settings for Inferred Entity Instance: slave_2:i2c_slave|altsyncram:memery_rtl_0 ;
+------------------------------------+----------------------+--------------------------------+
; Parameter Name                     ; Value                ; Type                           ;
+------------------------------------+----------------------+--------------------------------+
; BYTE_SIZE_BLOCK                    ; 8                    ; Untyped                        ;
; AUTO_CARRY_CHAINS                  ; ON                   ; AUTO_CARRY                     ;
; IGNORE_CARRY_BUFFERS               ; OFF                  ; IGNORE_CARRY                   ;
; AUTO_CASCADE_CHAINS                ; ON                   ; AUTO_CASCADE                   ;
; IGNORE_CASCADE_BUFFERS             ; OFF                  ; IGNORE_CASCADE                 ;
; WIDTH_BYTEENA                      ; 1                    ; Untyped                        ;
; OPERATION_MODE                     ; DUAL_PORT            ; Untyped                        ;
; WIDTH_A                            ; 8                    ; Untyped                        ;
; WIDTHAD_A                          ; 4                    ; Untyped                        ;
; NUMWORDS_A                         ; 16                   ; Untyped                        ;
; OUTDATA_REG_A                      ; UNREGISTERED         ; Untyped                        ;
; ADDRESS_ACLR_A                     ; NONE                 ; Untyped                        ;
; OUTDATA_ACLR_A                     ; NONE                 ; Untyped                        ;
; WRCONTROL_ACLR_A                   ; NONE                 ; Untyped                        ;
; INDATA_ACLR_A                      ; NONE                 ; Untyped                        ;
; BYTEENA_ACLR_A                     ; NONE                 ; Untyped                        ;
; WIDTH_B                            ; 8                    ; Untyped                        ;
; WIDTHAD_B                          ; 4                    ; Untyped                        ;
; NUMWORDS_B                         ; 16                   ; Untyped                        ;
; INDATA_REG_B                       ; CLOCK1               ; Untyped                        ;
; WRCONTROL_WRADDRESS_REG_B          ; CLOCK1               ; Untyped                        ;
; RDCONTROL_REG_B                    ; CLOCK1               ; Untyped                        ;
; ADDRESS_REG_B                      ; CLOCK0               ; Untyped                        ;
; OUTDATA_REG_B                      ; UNREGISTERED         ; Untyped                        ;
; BYTEENA_REG_B                      ; CLOCK1               ; Untyped                        ;
; INDATA_ACLR_B                      ; NONE                 ; Untyped                        ;
; WRCONTROL_ACLR_B                   ; NONE                 ; Untyped                        ;
; ADDRESS_ACLR_B                     ; NONE                 ; Untyped                        ;
; OUTDATA_ACLR_B                     ; NONE                 ; Untyped                        ;
; RDCONTROL_ACLR_B                   ; NONE                 ; Untyped                        ;
; BYTEENA_ACLR_B                     ; NONE                 ; Untyped                        ;
; WIDTH_BYTEENA_A                    ; 1                    ; Untyped                        ;
; WIDTH_BYTEENA_B                    ; 1                    ; Untyped                        ;
; RAM_BLOCK_TYPE                     ; AUTO                 ; Untyped                        ;
; BYTE_SIZE                          ; 8                    ; Untyped                        ;
; READ_DURING_WRITE_MODE_MIXED_PORTS ; OLD_DATA             ; Untyped                        ;
; READ_DURING_WRITE_MODE_PORT_A      ; NEW_DATA_NO_NBE_READ ; Untyped                        ;
; READ_DURING_WRITE_MODE_PORT_B      ; NEW_DATA_NO_NBE_READ ; Untyped                        ;
; INIT_FILE                          ; UNUSED               ; Untyped                        ;
; INIT_FILE_LAYOUT                   ; PORT_A               ; Untyped                        ;
; MAXIMUM_DEPTH                      ; 0                    ; Untyped                        ;
; CLOCK_ENABLE_INPUT_A               ; NORMAL               ; Untyped                        ;
; CLOCK_ENABLE_INPUT_B               ; NORMAL               ; Untyped                        ;
; CLOCK_ENABLE_OUTPUT_A              ; NORMAL               ; Untyped                        ;
; CLOCK_ENABLE_OUTPUT_B              ; NORMAL               ; Untyped                        ;
; CLOCK_ENABLE_CORE_A                ; USE_INPUT_CLKEN      ; Untyped                        ;
; CLOCK_ENABLE_CORE_B                ; USE_INPUT_CLKEN      ; Untyped                        ;
; ENABLE_ECC                         ; FALSE                ; Untyped                        ;
; ECC_PIPELINE_STAGE_ENABLED         ; FALSE                ; Untyped                        ;
; WIDTH_ECCSTATUS                    ; 3                    ; Untyped                        ;
; DEVICE_FAMILY                      ; Cyclone IV E         ; Untyped                        ;
; CBXI_PARAMETER                     ; altsyncram_mpg1      ; Untyped                        ;
+------------------------------------+----------------------+--------------------------------+
Note: In order to hide this table in the UI and the text report file, please set the "Show Parameter Settings in Synthesis Report" option in "Analysis and Synthesis Settings -> More Settings" to "Off".


+---------------------------------------------------------------------------------------+
; altsyncram Parameter Settings by Entity Instance                                      ;
+-------------------------------------------+-------------------------------------------+
; Name                                      ; Value                                     ;
+-------------------------------------------+-------------------------------------------+
; Number of entity instances                ; 1                                         ;
; Entity Instance                           ; slave_2:i2c_slave|altsyncram:memery_rtl_0 ;
;     -- OPERATION_MODE                     ; DUAL_PORT                                 ;
;     -- WIDTH_A                            ; 8                                         ;
;     -- NUMWORDS_A                         ; 16                                        ;
;     -- OUTDATA_REG_A                      ; UNREGISTERED                              ;
;     -- WIDTH_B                            ; 8                                         ;
;     -- NUMWORDS_B                         ; 16                                        ;
;     -- ADDRESS_REG_B                      ; CLOCK0                                    ;
;     -- OUTDATA_REG_B                      ; UNREGISTERED                              ;
;     -- RAM_BLOCK_TYPE                     ; AUTO                                      ;
;     -- READ_DURING_WRITE_MODE_MIXED_PORTS ; OLD_DATA                                  ;
+-------------------------------------------+-------------------------------------------+


+--------------------------------------------------------------------------------------------------------------------------------------------------------------------------------+
; Port Connectivity Checks: "smg_ctrl:Segment"                                                                                                                                   ;
+---------+-------+----------+---------------------------------------------------------------------------------------------------------------------------------------------------+
; Port    ; Type  ; Severity ; Details                                                                                                                                           ;
+---------+-------+----------+---------------------------------------------------------------------------------------------------------------------------------------------------+
; data_in ; Input ; Warning  ; Input port expression (8 bits) is smaller than the input port (20 bits) it drives.  Extra input bit(s) "data_in[19..8]" will be connected to GND. ;
+---------+-------+----------+---------------------------------------------------------------------------------------------------------------------------------------------------+


+-------------------------------------------------------------------------------------------------------------------+
; Port Connectivity Checks: "slave_2:i2c_slave"                                                                     ;
+---------+--------+----------+-------------------------------------------------------------------------------------+
; Port    ; Type   ; Severity ; Details                                                                             ;
+---------+--------+----------+-------------------------------------------------------------------------------------+
; rw_flag ; Output ; Info     ; Connected to dangling logic. Logic that only feeds a dangling port will be removed. ;
; Wr_vld  ; Output ; Info     ; Connected to dangling logic. Logic that only feeds a dangling port will be removed. ;
; Wr_data ; Output ; Info     ; Connected to dangling logic. Logic that only feeds a dangling port will be removed. ;
; Rd_vld  ; Output ; Info     ; Connected to dangling logic. Logic that only feeds a dangling port will be removed. ;
+---------+--------+----------+-------------------------------------------------------------------------------------+


+-----------------------------------------------------+
; Post-Synthesis Netlist Statistics for Top Partition ;
+-----------------------+-----------------------------+
; Type                  ; Count                       ;
+-----------------------+-----------------------------+
; boundary_port         ; 18                          ;
; cycloneiii_ff         ; 118                         ;
;     CLR               ; 49                          ;
;     ENA               ; 8                           ;
;     ENA CLR           ; 26                          ;
;     ENA CLR SCLR      ; 22                          ;
;     plain             ; 13                          ;
; cycloneiii_io_obuf    ; 1                           ;
; cycloneiii_lcell_comb ; 193                         ;
;     arith             ; 30                          ;
;         2 data inputs ; 30                          ;
;     normal            ; 163                         ;
;         0 data inputs ; 1                           ;
;         1 data inputs ; 10                          ;
;         2 data inputs ; 16                          ;
;         3 data inputs ; 21                          ;
;         4 data inputs ; 115                         ;
; cycloneiii_ram_block  ; 8                           ;
;                       ;                             ;
; Max LUT depth         ; 6.00                        ;
; Average LUT depth     ; 3.10                        ;
+-----------------------+-----------------------------+


+-------------------------------+
; Elapsed Time Per Partition    ;
+----------------+--------------+
; Partition Name ; Elapsed Time ;
+----------------+--------------+
; Top            ; 00:00:01     ;
+----------------+--------------+


+-------------------------------+
; Analysis & Synthesis Messages ;
+-------------------------------+
Info: *******************************************************************
Info: Running Quartus Prime Analysis & Synthesis
    Info: Version 18.1.0 Build 625 09/12/2018 SJ Standard Edition
    Info: Processing started: Wed May 18 15:15:42 2022
Info: Command: quartus_map --read_settings_files=on --write_settings_files=off I2C_slave -c I2C_slave
Warning (18236): Number of processors has not been specified which may cause overloading on shared machines.  Set the global assignment NUM_PARALLEL_PROCESSORS in your QSF to an appropriate value for best performance.
Info (20030): Parallel compilation is enabled and will use 4 of the 4 processors detected
Info (12021): Found 1 design units, including 1 entities, in source file /baidunetdiskworkspace/adolph_study/i2c_slave/rtl/slave_2.v
    Info (12023): Found entity 1: slave_2 File: D:/BaiduNetdiskWorkspace/Adolph_Study/I2C_Slave/rtl/slave_2.v Line: 30
Info (12021): Found 1 design units, including 1 entities, in source file /baidunetdiskworkspace/adolph_study/i2c_slave/rtl/smg_ctrl.v
    Info (12023): Found entity 1: smg_ctrl File: D:/BaiduNetdiskWorkspace/Adolph_Study/I2C_Slave/rtl/smg_ctrl.v Line: 9
Info (12021): Found 1 design units, including 1 entities, in source file /baidunetdiskworkspace/adolph_study/i2c_slave/rtl/i2c_top.v
    Info (12023): Found entity 1: i2c_top File: D:/BaiduNetdiskWorkspace/Adolph_Study/I2C_Slave/rtl/i2c_top.v Line: 11
Info (12127): Elaborating entity "i2c_top" for the top level hierarchy
Info (12128): Elaborating entity "slave_2" for hierarchy "slave_2:i2c_slave" File: D:/BaiduNetdiskWorkspace/Adolph_Study/I2C_Slave/rtl/i2c_top.v Line: 49
Info (10264): Verilog HDL Case Statement information at slave_2.v(334): all case item expressions in this case statement are onehot File: D:/BaiduNetdiskWorkspace/Adolph_Study/I2C_Slave/rtl/slave_2.v Line: 334
Info (12128): Elaborating entity "smg_ctrl" for hierarchy "smg_ctrl:Segment" File: D:/BaiduNetdiskWorkspace/Adolph_Study/I2C_Slave/rtl/i2c_top.v Line: 58
Warning (276020): Inferred RAM node "slave_2:i2c_slave|memery_rtl_0" from synchronous design logic.  Pass-through logic has been added to match the read-during-write behavior of the original design.
Info (19000): Inferred 1 megafunctions from design logic
    Info (276029): Inferred altsyncram megafunction from the following design logic: "slave_2:i2c_slave|memery_rtl_0" 
        Info (286033): Parameter OPERATION_MODE set to DUAL_PORT
        Info (286033): Parameter WIDTH_A set to 8
        Info (286033): Parameter WIDTHAD_A set to 4
        Info (286033): Parameter NUMWORDS_A set to 16
        Info (286033): Parameter WIDTH_B set to 8
        Info (286033): Parameter WIDTHAD_B set to 4
        Info (286033): Parameter NUMWORDS_B set to 16
        Info (286033): Parameter ADDRESS_ACLR_A set to NONE
        Info (286033): Parameter OUTDATA_REG_B set to UNREGISTERED
        Info (286033): Parameter ADDRESS_ACLR_B set to NONE
        Info (286033): Parameter OUTDATA_ACLR_B set to NONE
        Info (286033): Parameter ADDRESS_REG_B set to CLOCK0
        Info (286033): Parameter INDATA_ACLR_A set to NONE
        Info (286033): Parameter WRCONTROL_ACLR_A set to NONE
        Info (286033): Parameter READ_DURING_WRITE_MODE_MIXED_PORTS set to OLD_DATA
Info (12130): Elaborated megafunction instantiation "slave_2:i2c_slave|altsyncram:memery_rtl_0"
Info (12133): Instantiated megafunction "slave_2:i2c_slave|altsyncram:memery_rtl_0" with the following parameter:
    Info (12134): Parameter "OPERATION_MODE" = "DUAL_PORT"
    Info (12134): Parameter "WIDTH_A" = "8"
    Info (12134): Parameter "WIDTHAD_A" = "4"
    Info (12134): Parameter "NUMWORDS_A" = "16"
    Info (12134): Parameter "WIDTH_B" = "8"
    Info (12134): Parameter "WIDTHAD_B" = "4"
    Info (12134): Parameter "NUMWORDS_B" = "16"
    Info (12134): Parameter "ADDRESS_ACLR_A" = "NONE"
    Info (12134): Parameter "OUTDATA_REG_B" = "UNREGISTERED"
    Info (12134): Parameter "ADDRESS_ACLR_B" = "NONE"
    Info (12134): Parameter "OUTDATA_ACLR_B" = "NONE"
    Info (12134): Parameter "ADDRESS_REG_B" = "CLOCK0"
    Info (12134): Parameter "INDATA_ACLR_A" = "NONE"
    Info (12134): Parameter "WRCONTROL_ACLR_A" = "NONE"
    Info (12134): Parameter "READ_DURING_WRITE_MODE_MIXED_PORTS" = "OLD_DATA"
Info (12021): Found 1 design units, including 1 entities, in source file db/altsyncram_mpg1.tdf
    Info (12023): Found entity 1: altsyncram_mpg1 File: D:/BaiduNetdiskWorkspace/Adolph_Study/I2C_Slave/prj/db/altsyncram_mpg1.tdf Line: 27
Warning (12241): 1 hierarchies have connectivity warnings - see the Connectivity Checks report folder
Info (13000): Registers with preset signals will power-up high File: D:/BaiduNetdiskWorkspace/Adolph_Study/I2C_Slave/rtl/smg_ctrl.v Line: 82
Info (13003): DEV_CLRn pin will set, and not reset, register with preset signal due to NOT Gate Push-Back
Warning (13024): Output pins are stuck at VCC or GND
    Warning (13410): Pin "sen_duan[7]" is stuck at VCC File: D:/BaiduNetdiskWorkspace/Adolph_Study/I2C_Slave/rtl/i2c_top.v Line: 18
Info (286030): Timing-Driven Synthesis is running
Info (17049): 1 registers lost all their fanouts during netlist optimizations.
Info (144001): Generated suppressed messages file D:/BaiduNetdiskWorkspace/Adolph_Study/I2C_Slave/prj/output_files/I2C_slave.map.smsg
Info (16010): Generating hard_block partition "hard_block:auto_generated_inst"
    Info (16011): Adding 0 node(s), including 0 DDIO, 0 PLL, 0 transceiver and 0 LCELL
Info (21057): Implemented 259 device resources after synthesis - the final resource count might be different
    Info (21058): Implemented 3 input pins
    Info (21059): Implemented 14 output pins
    Info (21060): Implemented 1 bidirectional pins
    Info (21061): Implemented 233 logic cells
    Info (21064): Implemented 8 RAM segments
Info: Quartus Prime Analysis & Synthesis was successful. 0 errors, 5 warnings
    Info: Peak virtual memory: 4766 megabytes
    Info: Processing ended: Wed May 18 15:15:54 2022
    Info: Elapsed time: 00:00:12
    Info: Total CPU time (on all processors): 00:00:27


+------------------------------------------+
; Analysis & Synthesis Suppressed Messages ;
+------------------------------------------+
The suppressed messages can be found in D:/BaiduNetdiskWorkspace/Adolph_Study/I2C_Slave/prj/output_files/I2C_slave.map.smsg.


