#-----------------------------------------------------------
# Vivado v2020.1 (64-bit)
# SW Build 2902540 on Wed May 27 19:54:49 MDT 2020
# IP Build 2902112 on Wed May 27 22:43:36 MDT 2020
# Start of session at: Fri Mar 10 15:34:00 2023
# Process ID: 11588
# Current directory: C:/Users/tangx/Desktop/Test_3EG/fake_eeprom_0x08B40/managed_ip_project
# Command line: vivado.exe -gui_launcher_event rodinguilauncherevent16060 C:\Users\tangx\Desktop\Test_3EG\fake_eeprom_0x08B40\managed_ip_project\managed_ip_project.xpr
# Log file: C:/Users/tangx/Desktop/Test_3EG/fake_eeprom_0x08B40/managed_ip_project/vivado.log
# Journal file: C:/Users/tangx/Desktop/Test_3EG/fake_eeprom_0x08B40/managed_ip_project\vivado.jou
#-----------------------------------------------------------
start_gui
open_project C:/Users/tangx/Desktop/Test_3EG/fake_eeprom_0x08B40/managed_ip_project/managed_ip_project.xpr
Scanning sources...
Finished scanning sources
WARNING: [filemgmt 56-3] Default IP Output Path : Could not find the directory 'C:/Users/tangx/Desktop/Test_3EG/fake_eeprom_0x08B40/managed_ip_project/managed_ip_project.srcs/sources_1'.
WARNING: [filemgmt 56-3] IPUserFilesDir: Could not find the directory 'C:/Users/tangx/Desktop/Test_3EG/fake_eeprom_0x08B40/ip_user_files'.
INFO: [IP_Flow 19-234] Refreshing IP repositories
INFO: [IP_Flow 19-1700] Loaded user IP repository 'c:/Users/tangx/Desktop/Test_3EG/fake_eeprom_0x08B40'.
WARNING: [IP_Flow 19-3656] If you move the project, the path for repository 'c:/Users/tangx/Desktop/Test_3EG/fake_eeprom_0x08B40' may become invalid. A better location for the repository would be in a path adjacent to the project. (Current project location is 'c:/Users/tangx/Desktop/Test_3EG/fake_eeprom_0x08B40/managed_ip_project'.)
INFO: [IP_Flow 19-2313] Loaded Vivado IP repository 'D:/Vivado/Vivado/2020.1/data/ip'.
open_project: Time (s): cpu = 00:00:03 ; elapsed = 00:00:05 . Memory (MB): peak = 1266.664 ; gain = 0.000
ipx::edit_ip_in_project -upgrade true -name fake_eeprom_0x08B40_v1_0_project -directory C:/Users/tangx/Desktop/Test_3EG/fake_eeprom_0x08B40/managed_ip_project/managed_ip_project.tmp/fake_eeprom_0x08B40_v1_0_project c:/Users/tangx/Desktop/Test_3EG/fake_eeprom_0x08B40/component.xml
INFO: [ProjectBase 1-489] The host OS only allows 260 characters in a normal path. The project is stored in a path with more than 80 characters. If you experience issues with IP, Block Designs, or files not being found, please consider moving the project to a location with a shorter path. Alternately consider using the OS subst command to map part of the path to a drive letter.
Current project path is 'c:/users/tangx/desktop/test_3eg/fake_eeprom_0x08b40/managed_ip_project/managed_ip_project.tmp/fake_eeprom_0x08b40_v1_0_project'
INFO: [IP_Flow 19-234] Refreshing IP repositories
INFO: [IP_Flow 19-1704] No user IP repositories specified
INFO: [IP_Flow 19-2313] Loaded Vivado IP repository 'D:/Vivado/Vivado/2020.1/data/ip'.
INFO: [IP_Flow 19-234] Refreshing IP repositories
INFO: [IP_Flow 19-1700] Loaded user IP repository 'c:/Users/tangx/Desktop/Test_3EG/fake_eeprom_0x08B40'.
INFO: [IP_Flow 19-795] Syncing license key meta-data
WARNING: [filemgmt 56-99] Vivado Synthesis ignores library specification for Verilog or SystemVerilog files. [c:/Users/tangx/Desktop/Test_3EG/fake_eeprom_0x08B40/rtl/reset_sync.v:]
WARNING: [filemgmt 56-99] Vivado Synthesis ignores library specification for Verilog or SystemVerilog files. [c:/Users/tangx/Desktop/Test_3EG/fake_eeprom_0x08B40/rtl/fake_eeprom.v:]
update_compile_order -fileset sources_1
set_property layout {vertical} [ipgui::get_guiparamspec -name "I2C_SLAVE_REG_MODE" -component [ipx::current_core] ]
set_property value 1 [ipx::get_user_parameters I2C_SLAVE_REG_MODE -of_objects [ipx::current_core]]
set_property value 1 [ipx::get_hdl_parameters I2C_SLAVE_REG_MODE -of_objects [ipx::current_core]]
set_property layout {vertical} [ipgui::get_guiparamspec -name "I2C_SLAVE_REG_MODE" -component [ipx::current_core] ]
set_property core_revision 4 [ipx::current_core]
ipx::update_source_project_archive -component [ipx::current_core]
ipx::create_xgui_files [ipx::current_core]
ipx::update_checksums [ipx::current_core]
ipx::save_core [ipx::current_core]
ipx::move_temp_component_back -component [ipx::current_core]
close_project -delete
update_ip_catalog -rebuild -repo_path c:/Users/tangx/Desktop/Test_3EG/fake_eeprom_0x08B40
INFO: [IP_Flow 19-725] Reloaded user IP repository 'c:/Users/tangx/Desktop/Test_3EG/fake_eeprom_0x08B40'
update_ip_catalog -rebuild
INFO: [IP_Flow 19-234] Refreshing IP repositories
INFO: [IP_Flow 19-1700] Loaded user IP repository 'c:/Users/tangx/Desktop/Test_3EG/fake_eeprom_0x08B40'.
WARNING: [IP_Flow 19-3656] If you move the project, the path for repository 'c:/Users/tangx/Desktop/Test_3EG/fake_eeprom_0x08B40' may become invalid. A better location for the repository would be in a path adjacent to the project. (Current project location is 'c:/Users/tangx/Desktop/Test_3EG/fake_eeprom_0x08B40/managed_ip_project'.)
update_ip_catalog -rebuild
INFO: [IP_Flow 19-234] Refreshing IP repositories
INFO: [IP_Flow 19-1700] Loaded user IP repository 'c:/Users/tangx/Desktop/Test_3EG/fake_eeprom_0x08B40'.
WARNING: [IP_Flow 19-3656] If you move the project, the path for repository 'c:/Users/tangx/Desktop/Test_3EG/fake_eeprom_0x08B40' may become invalid. A better location for the repository would be in a path adjacent to the project. (Current project location is 'c:/Users/tangx/Desktop/Test_3EG/fake_eeprom_0x08B40/managed_ip_project'.)
ipx::edit_ip_in_project -upgrade true -name fake_eeprom_0x08B40_v1_0_project -directory C:/Users/tangx/Desktop/Test_3EG/fake_eeprom_0x08B40/managed_ip_project/managed_ip_project.tmp/fake_eeprom_0x08B40_v1_0_project c:/Users/tangx/Desktop/Test_3EG/fake_eeprom_0x08B40/component.xml
INFO: [ProjectBase 1-489] The host OS only allows 260 characters in a normal path. The project is stored in a path with more than 80 characters. If you experience issues with IP, Block Designs, or files not being found, please consider moving the project to a location with a shorter path. Alternately consider using the OS subst command to map part of the path to a drive letter.
Current project path is 'c:/users/tangx/desktop/test_3eg/fake_eeprom_0x08b40/managed_ip_project/managed_ip_project.tmp/fake_eeprom_0x08b40_v1_0_project'
INFO: [IP_Flow 19-234] Refreshing IP repositories
INFO: [IP_Flow 19-1704] No user IP repositories specified
INFO: [IP_Flow 19-2313] Loaded Vivado IP repository 'D:/Vivado/Vivado/2020.1/data/ip'.
INFO: [IP_Flow 19-234] Refreshing IP repositories
INFO: [IP_Flow 19-1700] Loaded user IP repository 'c:/Users/tangx/Desktop/Test_3EG/fake_eeprom_0x08B40'.
INFO: [IP_Flow 19-795] Syncing license key meta-data
WARNING: [filemgmt 56-99] Vivado Synthesis ignores library specification for Verilog or SystemVerilog files. [c:/Users/tangx/Desktop/Test_3EG/fake_eeprom_0x08B40/rtl/reset_sync.v:]
WARNING: [filemgmt 56-99] Vivado Synthesis ignores library specification for Verilog or SystemVerilog files. [c:/Users/tangx/Desktop/Test_3EG/fake_eeprom_0x08B40/rtl/fake_eeprom.v:]
update_compile_order -fileset sources_1
set_property core_revision 5 [ipx::current_core]
ipx::update_source_project_archive -component [ipx::current_core]
ipx::create_xgui_files [ipx::current_core]
ipx::update_checksums [ipx::current_core]
ipx::save_core [ipx::current_core]
ipx::move_temp_component_back -component [ipx::current_core]
close_project -delete
update_ip_catalog -rebuild -repo_path c:/Users/tangx/Desktop/Test_3EG/fake_eeprom_0x08B40
INFO: [IP_Flow 19-725] Reloaded user IP repository 'c:/Users/tangx/Desktop/Test_3EG/fake_eeprom_0x08B40'
exit
INFO: [Common 17-206] Exiting Vivado at Fri Mar 10 15:36:26 2023...
