Copyright 1986-2020 Xilinx, Inc. All Rights Reserved.
------------------------------------------------------------------------------------
| Tool Version : Vivado v.2020.1 (win64) Build 2902540 Wed May 27 19:54:49 MDT 2020
| Date         : Wed Feb 15 16:21:48 2023
| Host         : andreas running 64-bit major release  (build 9200)
| Command      : upgrade_ip
| Device       : xczu3eg-sfvc784-1-i
------------------------------------------------------------------------------------

Upgrade Log for IP 'design_1_i2c_slave_0_0'

1. Summary
----------

CAUTION (success, with warnings) in the upgrade of design_1_i2c_slave_0_0 from xilinx.com:user:i2c_slave:1.0 (Rev. 4) to xilinx.com:user:FAKE_EEPROM_OX03C10:1.0 (Rev. 2)

After upgrade, an IP may have parameter and port differences compared to the original customization. Please review the parameters within the IP customization GUI to ensure proper functionality. Also, please review the updated IP instantiation template to ensure proper connectivity, and update your design if required.

2. Connection Warnings
----------------------

Detected external port differences while upgrading 'design_1_i2c_slave_0_0'. These changes may impact your design.


-Upgrade has removed port 'sda_oe'

-Upgrade has added port 'sda_t'







Copyright 1986-2020 Xilinx, Inc. All Rights Reserved.
------------------------------------------------------------------------------------
| Tool Version : Vivado v.2020.1 (win64) Build 2902540 Wed May 27 19:54:49 MDT 2020
| Date         : Fri Feb 10 13:06:14 2023
| Host         : TX running 64-bit major release  (build 9200)
| Command      : upgrade_ip
| Device       : xczu3eg-sfvc784-1-i
------------------------------------------------------------------------------------

Upgrade Log for IP 'design_1_i2c_slave_0_0'

1. Summary
----------

SUCCESS in the upgrade of design_1_i2c_slave_0_0 (xilinx.com:user:i2c_slave:1.0) from (Rev. 3) to (Rev. 4)

