
*** Running vivado
    with args -log fake_sensor_ar0233.vds -m64 -product Vivado -mode batch -messageDb vivado.pb -notrace -source fake_sensor_ar0233.tcl



****** Vivado v2020.1 (64-bit)
  **** SW Build 2902540 on Wed May 27 19:54:49 MDT 2020
  **** IP Build 2902112 on Wed May 27 22:43:36 MDT 2020
    ** Copyright 1986-2020 Xilinx, Inc. All Rights Reserved.

source fake_sensor_ar0233.tcl -notrace
INFO: [IP_Flow 19-234] Refreshing IP repositories
INFO: [IP_Flow 19-1700] Loaded user IP repository 'd:/workdir/TEST_2CG/tx/desay_ar0233/vivado/ip_repo/ip/fake_sensor_imx623'.
INFO: [IP_Flow 19-2313] Loaded Vivado IP repository 'D:/Vivado/Vivado/2020.1/data/ip'.
Command: synth_design -top fake_sensor_ar0233 -part xazu3eg-sfvc784-1-i
Starting synth_design
Attempting to get a license for feature 'Synthesis' and/or device 'xazu3eg'
INFO: [Common 17-349] Got license for feature 'Synthesis' and/or device 'xazu3eg'
INFO: [Synth 8-7079] Multithreading enabled for synth_design using a maximum of 2 processes.
INFO: [Synth 8-7078] Launching helper process for spawning children vivado processes
INFO: [Synth 8-7075] Helper process launched with PID 7584
---------------------------------------------------------------------------------
Starting Synthesize : Time (s): cpu = 00:00:01 ; elapsed = 00:00:04 . Memory (MB): peak = 1115.039 ; gain = 0.000
---------------------------------------------------------------------------------
INFO: [Synth 8-6157] synthesizing module 'fake_sensor_ar0233' [C:/Users/txzing/Desktop/fake_sensor_ar0233/rtl/fake_sensor_ar0233.v:45]
	Parameter I2C_SLAVE_ADDR bound to: 7'b0011010 
	Parameter REG_DEVICE_ADDR bound to: 16'b0000000000000000 
	Parameter DEVICE_ADDR_BIT bound to: 1'b0 
	Parameter I2C_SLAVE_REG_MODE bound to: 1'b1 
	Parameter I2C_SLAVE_DAT_MODE bound to: 1'b0 
	Parameter SDA_T_POLARITY bound to: 1'b0 
	Parameter IDLE bound to: 8'b00000001 
	Parameter START bound to: 8'b00000010 
	Parameter JUG_RW bound to: 8'b00000100 
	Parameter RW_ADDR_16 bound to: 8'b00001000 
	Parameter RW_ADDR bound to: 8'b00010000 
	Parameter WR_DAT bound to: 8'b00100000 
	Parameter RD_DAT bound to: 8'b01000000 
	Parameter STOP bound to: 8'b10000000 
INFO: [Synth 8-6157] synthesizing module 'reset_sync' [C:/Users/txzing/Desktop/fake_sensor_ar0233/rtl/reset_sync.v:5]
INFO: [Synth 8-6155] done synthesizing module 'reset_sync' (1#1) [C:/Users/txzing/Desktop/fake_sensor_ar0233/rtl/reset_sync.v:5]
WARNING: [Synth 8-151] case item 16'b0000000000000000 is unreachable [C:/Users/txzing/Desktop/fake_sensor_ar0233/rtl/fake_sensor_ar0233.v:661]
INFO: [Synth 8-155] case statement is not full and has no default [C:/Users/txzing/Desktop/fake_sensor_ar0233/rtl/fake_sensor_ar0233.v:695]
INFO: [Synth 8-6155] done synthesizing module 'fake_sensor_ar0233' (2#1) [C:/Users/txzing/Desktop/fake_sensor_ar0233/rtl/fake_sensor_ar0233.v:45]
---------------------------------------------------------------------------------
Finished Synthesize : Time (s): cpu = 00:00:02 ; elapsed = 00:00:06 . Memory (MB): peak = 1115.039 ; gain = 0.000
---------------------------------------------------------------------------------
---------------------------------------------------------------------------------
Finished Constraint Validation : Time (s): cpu = 00:00:02 ; elapsed = 00:00:06 . Memory (MB): peak = 1115.039 ; gain = 0.000
---------------------------------------------------------------------------------
---------------------------------------------------------------------------------
Start Loading Part and Timing Information
---------------------------------------------------------------------------------
Loading part: xazu3eg-sfvc784-1-i
INFO: [Synth 8-6742] Reading net delay rules and data
INFO: [Device 21-403] Loading part xazu3eg-sfvc784-1-i
---------------------------------------------------------------------------------
Finished Loading Part and Timing Information : Time (s): cpu = 00:00:02 ; elapsed = 00:00:06 . Memory (MB): peak = 1115.039 ; gain = 0.000
---------------------------------------------------------------------------------
INFO: [Synth 8-802] inferred FSM for state register 'state_c_reg' in module 'fake_sensor_ar0233'
---------------------------------------------------------------------------------------------------
                   State |                     New Encoding |                Previous Encoding 
---------------------------------------------------------------------------------------------------
*
                    IDLE |                         00000001 |                         00000001
                   START |                         00000010 |                         00000010
                  JUG_RW |                         00000100 |                         00000100
              RW_ADDR_16 |                         00001000 |                         00001000
                 RW_ADDR |                         00010000 |                         00010000
                  WR_DAT |                         00100000 |                         00100000
                  RD_DAT |                         01000000 |                         01000000
                    STOP |                         10000000 |                         10000000
---------------------------------------------------------------------------------------------------
INFO: [Synth 8-3898] No Re-encoding of one hot register 'state_c_reg' in module 'fake_sensor_ar0233'
---------------------------------------------------------------------------------
Finished RTL Optimization Phase 2 : Time (s): cpu = 00:00:03 ; elapsed = 00:00:07 . Memory (MB): peak = 1115.039 ; gain = 0.000
---------------------------------------------------------------------------------
No constraint files found.
---------------------------------------------------------------------------------
Start RTL Component Statistics 
---------------------------------------------------------------------------------
Detailed RTL Component Info : 
+---Adders : 
	   2 Input   16 Bit       Adders := 1     
	   2 Input   10 Bit       Adders := 1     
	   2 Input    8 Bit       Adders := 1     
	   2 Input    4 Bit       Adders := 1     
+---Registers : 
	               10 Bit    Registers := 1     
	                8 Bit    Registers := 25    
	                7 Bit    Registers := 1     
	                4 Bit    Registers := 1     
	                2 Bit    Registers := 2     
	                1 Bit    Registers := 10    
+---Muxes : 
	   7 Input   16 Bit        Muxes := 2     
	   2 Input    8 Bit        Muxes := 6     
	   7 Input    8 Bit        Muxes := 1     
	   9 Input    8 Bit        Muxes := 1     
	   2 Input    7 Bit        Muxes := 4     
	   2 Input    6 Bit        Muxes := 2     
	   2 Input    5 Bit        Muxes := 2     
	   2 Input    3 Bit        Muxes := 1     
	   2 Input    2 Bit        Muxes := 1     
	   2 Input    1 Bit        Muxes := 29    
	   9 Input    1 Bit        Muxes := 8     
	   8 Input    1 Bit        Muxes := 4     
	   7 Input    1 Bit        Muxes := 5     
---------------------------------------------------------------------------------
Finished RTL Component Statistics 
---------------------------------------------------------------------------------
---------------------------------------------------------------------------------
Start Part Resource Summary
---------------------------------------------------------------------------------
Part Resources:
DSPs: 360 (col length:72)
BRAMs: 432 (col length: RAMB18 72 RAMB36 36)
---------------------------------------------------------------------------------
Finished Part Resource Summary
---------------------------------------------------------------------------------
No constraint files found.
---------------------------------------------------------------------------------
Start Cross Boundary and Area Optimization
---------------------------------------------------------------------------------
---------------------------------------------------------------------------------
Finished Cross Boundary and Area Optimization : Time (s): cpu = 00:00:07 ; elapsed = 00:00:15 . Memory (MB): peak = 1509.879 ; gain = 394.840
---------------------------------------------------------------------------------
No constraint files found.
---------------------------------------------------------------------------------
Start Timing Optimization
---------------------------------------------------------------------------------
---------------------------------------------------------------------------------
Finished Timing Optimization : Time (s): cpu = 00:00:07 ; elapsed = 00:00:15 . Memory (MB): peak = 1510.652 ; gain = 395.613
---------------------------------------------------------------------------------
---------------------------------------------------------------------------------
Start Technology Mapping
---------------------------------------------------------------------------------
---------------------------------------------------------------------------------
Finished Technology Mapping : Time (s): cpu = 00:00:07 ; elapsed = 00:00:15 . Memory (MB): peak = 1519.875 ; gain = 404.836
---------------------------------------------------------------------------------
---------------------------------------------------------------------------------
Start IO Insertion
---------------------------------------------------------------------------------
---------------------------------------------------------------------------------
Start Flattening Before IO Insertion
---------------------------------------------------------------------------------
---------------------------------------------------------------------------------
Finished Flattening Before IO Insertion
---------------------------------------------------------------------------------
---------------------------------------------------------------------------------
Start Final Netlist Cleanup
---------------------------------------------------------------------------------
---------------------------------------------------------------------------------
Finished Final Netlist Cleanup
---------------------------------------------------------------------------------
---------------------------------------------------------------------------------
Finished IO Insertion : Time (s): cpu = 00:00:09 ; elapsed = 00:00:18 . Memory (MB): peak = 1519.875 ; gain = 404.836
---------------------------------------------------------------------------------
---------------------------------------------------------------------------------
Start Renaming Generated Instances
---------------------------------------------------------------------------------
---------------------------------------------------------------------------------
Finished Renaming Generated Instances : Time (s): cpu = 00:00:09 ; elapsed = 00:00:18 . Memory (MB): peak = 1519.875 ; gain = 404.836
---------------------------------------------------------------------------------
---------------------------------------------------------------------------------
Start Rebuilding User Hierarchy
---------------------------------------------------------------------------------
---------------------------------------------------------------------------------
Finished Rebuilding User Hierarchy : Time (s): cpu = 00:00:09 ; elapsed = 00:00:18 . Memory (MB): peak = 1519.875 ; gain = 404.836
---------------------------------------------------------------------------------
---------------------------------------------------------------------------------
Start Renaming Generated Ports
---------------------------------------------------------------------------------
---------------------------------------------------------------------------------
Finished Renaming Generated Ports : Time (s): cpu = 00:00:09 ; elapsed = 00:00:18 . Memory (MB): peak = 1519.875 ; gain = 404.836
---------------------------------------------------------------------------------
---------------------------------------------------------------------------------
Start Handling Custom Attributes
---------------------------------------------------------------------------------
---------------------------------------------------------------------------------
Finished Handling Custom Attributes : Time (s): cpu = 00:00:09 ; elapsed = 00:00:18 . Memory (MB): peak = 1519.875 ; gain = 404.836
---------------------------------------------------------------------------------
---------------------------------------------------------------------------------
Start Renaming Generated Nets
---------------------------------------------------------------------------------
---------------------------------------------------------------------------------
Finished Renaming Generated Nets : Time (s): cpu = 00:00:09 ; elapsed = 00:00:18 . Memory (MB): peak = 1519.875 ; gain = 404.836
---------------------------------------------------------------------------------
---------------------------------------------------------------------------------
Start Writing Synthesis Report
---------------------------------------------------------------------------------

Report BlackBoxes: 
+-+--------------+----------+
| |BlackBox name |Instances |
+-+--------------+----------+
+-+--------------+----------+

Report Cell Usage: 
+------+-----+------+
|      |Cell |Count |
+------+-----+------+
|1     |BUFG |     1|
|2     |LUT1 |     6|
|3     |LUT2 |    18|
|4     |LUT3 |    33|
|5     |LUT4 |    43|
|6     |LUT5 |    50|
|7     |LUT6 |   104|
|8     |FDCE |     2|
|9     |FDRE |   100|
|10    |FDSE |    45|
|11    |IBUF |    12|
|12    |OBUF |     2|
+------+-----+------+

Report Instance Areas: 
+------+---------------+-----------+------+
|      |Instance       |Module     |Cells |
+------+---------------+-----------+------+
|1     |top            |           |   416|
|2     |  u_reset_sync |reset_sync |     9|
+------+---------------+-----------+------+
---------------------------------------------------------------------------------
Finished Writing Synthesis Report : Time (s): cpu = 00:00:09 ; elapsed = 00:00:18 . Memory (MB): peak = 1519.875 ; gain = 404.836
---------------------------------------------------------------------------------
Synthesis finished with 0 errors, 0 critical warnings and 1 warnings.
Synthesis Optimization Runtime : Time (s): cpu = 00:00:09 ; elapsed = 00:00:18 . Memory (MB): peak = 1519.875 ; gain = 404.836
Synthesis Optimization Complete : Time (s): cpu = 00:00:09 ; elapsed = 00:00:18 . Memory (MB): peak = 1519.875 ; gain = 404.836
INFO: [Project 1-571] Translating synthesized netlist
Netlist sorting complete. Time (s): cpu = 00:00:00 ; elapsed = 00:00:00.003 . Memory (MB): peak = 1522.758 ; gain = 0.000
INFO: [Netlist 29-17] Analyzing 13 Unisim elements for replacement
INFO: [Netlist 29-28] Unisim Transformation completed in 0 CPU seconds
INFO: [Project 1-570] Preparing netlist for logic optimization
INFO: [Opt 31-138] Pushed 0 inverter(s) to 0 load pin(s).
Netlist sorting complete. Time (s): cpu = 00:00:00 ; elapsed = 00:00:00.001 . Memory (MB): peak = 1606.363 ; gain = 0.000
INFO: [Project 1-111] Unisim Transformation Summary:
  A total of 13 instances were transformed.
  BUFG => BUFGCE: 1 instance 
  IBUF => IBUF (IBUFCTRL, INBUF): 12 instances

INFO: [Common 17-83] Releasing license: Synthesis
23 Infos, 1 Warnings, 0 Critical Warnings and 0 Errors encountered.
synth_design completed successfully
synth_design: Time (s): cpu = 00:00:12 ; elapsed = 00:00:26 . Memory (MB): peak = 1606.363 ; gain = 491.324
INFO: [Common 17-1381] The checkpoint 'C:/Users/txzing/Desktop/fake_sensor_ar0233/project_1/project_1.runs/synth_1/fake_sensor_ar0233.dcp' has been generated.
INFO: [runtcl-4] Executing : report_utilization -file fake_sensor_ar0233_utilization_synth.rpt -pb fake_sensor_ar0233_utilization_synth.pb
INFO: [Common 17-206] Exiting Vivado at Tue May 23 10:16:54 2023...
